<?xml version="1.0" encoding="UTF-8"?>
<!-- Generated by org.testng.reporters.JUnitReportReporter -->
<testsuite hostname="VAISHNAVI" failures="0" tests="1" name="stafflogin.Deleteaccount" time="3.647" errors="0" timestamp="2024-04-15T13:14:11 IST" skipped="0">
  <testcase classname="stafflogin.Deleteaccount" name="deleteCustomer" time="3.647"/>
  <system-out>
    <![CDATA[execution starts from here
deleteCustomer---executed successfully]]>
  </system-out>
</testsuite> <!-- stafflogin.Deleteaccount -->
