<?xml version="1.0" encoding="UTF-8"?>
<!-- Generated by org.testng.reporters.JUnitReportReporter -->
<testsuite hostname="VAISHNAVI" failures="0" tests="3" name="customer.ApplyDebitCard" time="30.343" errors="0" timestamp="2024-04-18T10:03:25 IST" skipped="0">
  <testcase classname="customer.ApplyDebitCard" name="applyDebitCard" time="9.996"/>
  <system-out/>
  <testcase classname="customer.ApplyDebitCard" name="applyDebitCard" time="10.203"/>
  <system-out/>
  <testcase classname="customer.ApplyDebitCard" name="applyDebitCard" time="10.144"/>
  <system-out/>
</testsuite> <!-- customer.ApplyDebitCard -->
