<?xml version="1.0" encoding="UTF-8"?>
<!-- Generated by org.testng.reporters.JUnitReportReporter -->
<testsuite hostname="VAISHNAVI" failures="0" tests="3" name="TestNG.annotationsTest" time="0.016" errors="0" timestamp="2024-04-08T13:31:30 IST" skipped="0">
  <testcase classname="TestNG.annotationsTest" name="oneTest" time="0.009"/>
  <system-out/>
  <testcase classname="TestNG.annotationsTest" name="thirdTest" time="0.004"/>
  <system-out/>
  <testcase classname="TestNG.annotationsTest" name="secondTest" time="0.003"/>
  <system-out/>
</testsuite> <!-- TestNG.annotationsTest -->
