<?xml version="1.0" encoding="UTF-8"?>
<!-- Generated by org.testng.reporters.JUnitReportReporter -->
<testsuite hostname="VAISHNAVI" failures="0" tests="3" name="customer.fundTransferUtilityTest" time="13.657" errors="0" timestamp="2024-04-18T10:03:25 IST" skipped="0">
  <testcase classname="customer.fundTransferUtilityTest" name="fundTransfer" time="5.449"/>
  <system-out/>
  <testcase classname="customer.fundTransferUtilityTest" name="fundTransfer" time="4.138"/>
  <system-out/>
  <testcase classname="customer.fundTransferUtilityTest" name="fundTransfer" time="4.070"/>
  <system-out/>
</testsuite> <!-- customer.fundTransferUtilityTest -->
