<?xml version="1.0" encoding="UTF-8"?>
<!-- Generated by org.testng.reporters.JUnitReportReporter -->
<testsuite hostname="VAISHNAVI" failures="0" tests="3" name="TestNG.runTest" time="0.006" errors="0" timestamp="2024-04-08T11:23:28 IST" skipped="0">
  <testcase classname="TestNG.runTest" name="getOrgDataTest" time="0.005"/>
  <system-out/>
  <testcase classname="TestNG.runTest" name="getOrgDataTest" time="0.001"/>
  <system-out/>
  <testcase classname="TestNG.runTest" name="getOrgDataTest" time="0.000"/>
  <system-out/>
</testsuite> <!-- TestNG.runTest -->
