<?xml version="1.0" encoding="UTF-8"?>
<!-- Generated by org.testng.reporters.JUnitReportReporter -->
<testsuite hostname="VAISHNAVI" failures="0" tests="1" name="stafflogin.CreditCustomer" time="2.280" errors="0" timestamp="2024-04-15T13:14:11 IST" skipped="0">
  <testcase classname="stafflogin.CreditCustomer" name="creditAmtTOcustAcc" time="2.280"/>
  <system-out>
    <![CDATA[execution starts from here
creditAmtTOcustAcc---executed successfully]]>
  </system-out>
</testsuite> <!-- stafflogin.CreditCustomer -->
