<?xml version="1.0" encoding="UTF-8"?>
<!-- Generated by org.testng.reporters.JUnitReportReporter -->
<testsuite hostname="VAISHNAVI" failures="0" tests="2" name="TestNG.dataProviderForLoginTest" time="3.715" errors="0" timestamp="2024-04-08T12:05:04 IST" skipped="0">
  <testcase classname="TestNG.dataProviderForLoginTest" name="getData" time="1.632"/>
  <system-out/>
  <testcase classname="TestNG.dataProviderForLoginTest" name="getData" time="2.083"/>
  <system-out/>
</testsuite> <!-- TestNG.dataProviderForLoginTest -->
