<?xml version="1.0" encoding="UTF-8"?>
<!-- Generated by org.testng.reporters.JUnitReportReporter -->
<testsuite hostname="VAISHNAVI" failures="0" tests="3" name="TestNG.FetchdataTest" time="0.006" errors="0" timestamp="2024-04-08T09:38:59 IST" skipped="0">
  <testcase classname="TestNG.FetchdataTest" name="getData" time="0.000"/>
  <system-out/>
  <testcase classname="TestNG.FetchdataTest" name="getData" time="0.005"/>
  <system-out/>
  <testcase classname="TestNG.FetchdataTest" name="getData" time="0.001"/>
  <system-out/>
</testsuite> <!-- TestNG.FetchdataTest -->
