<?xml version="1.0" encoding="UTF-8"?>
<!-- Generated by org.testng.reporters.JUnitReportReporter -->
<testsuite hostname="VAISHNAVI" failures="0" tests="3" name="TestNG.sampleTest" time="0.010" errors="0" timestamp="2024-04-05T16:15:02 IST" skipped="0">
  <testcase classname="TestNG.sampleTest" name="DeleteTest" time="0.000"/>
  <system-out/>
  <testcase classname="TestNG.sampleTest" name="EditTest" time="0.009"/>
  <system-out/>
  <testcase classname="TestNG.sampleTest" name="CreateTest" time="0.001"/>
  <system-out/>
</testsuite> <!-- TestNG.sampleTest -->
