<?xml version="1.0" encoding="UTF-8"?>
<!-- Generated by org.testng.reporters.JUnitReportReporter -->
<testsuite hostname="VAISHNAVI" failures="0" tests="3" name="TestNG.dataProviderTest" time="0.010" errors="0" timestamp="2024-04-08T11:18:53 IST" skipped="0">
  <testcase classname="TestNG.dataProviderTest" name="getOrgDataTest" time="0.001"/>
  <system-out/>
  <testcase classname="TestNG.dataProviderTest" name="getOrgDataTest" time="0.006"/>
  <system-out/>
  <testcase classname="TestNG.dataProviderTest" name="getOrgDataTest" time="0.003"/>
  <system-out/>
</testsuite> <!-- TestNG.dataProviderTest -->
